1-quality INSTALL Sun Apr 6 01:40:36 UTC 2014
1-quality TRIM Sun Apr 6 01:42:08 UTC 2014
1-quality FILTER Sun Apr 6 01:45:12 UTC 2014
1-quality EXTRACT Sun Apr 6 01:47:45 UTC 2014
1-quality DONE Sun Apr 6 01:49:21 UTC 2014
2-diginorm normalize1-pe Sun Apr 6 01:50:15 UTC 2014
2-diginorm normalize1-se Sun Apr 6 01:52:28 UTC 2014
2-diginorm filter-abund Sun Apr 6 01:52:53 UTC 2014
2-diginorm extract Sun Apr 6 01:52:58 UTC 2014
2-diginorm DONE Sun Apr 6 01:53:00 UTC 2014
3-big-assembly test Sun Apr 6 01:53:00 UTC 2014
3-big-assembly compileTrinity Sun Apr 6 01:53:13 UTC 2014
3-big-assembly installBowtie Sun Apr 6 01:56:28 UTC 2014
3-big-assembly installSamtools Sun Apr 6 01:56:29 UTC 2014
3-big-assembly extractReads Sun Apr 6 01:57:02 UTC 2014
3-big-assembly assemble Sun Apr 6 01:57:04 UTC 2014
3-big-assembly DONE Sun Apr 6 01:58:17 UTC 2014
5-building-transcript-families install Sun Apr 6 01:58:17 UTC 2014
5-building-transcript-families partition Sun Apr 6 01:58:17 UTC 2014
5-building-transcript-families rename Sun Apr 6 01:58:19 UTC 2014
5-building-transcript-families DONE Sun Apr 6 01:58:19 UTC 2014
6-annotating-transcript-families START Sun Apr 6 01:58:19 UTC 2014
6-annotating-transcript-families start Sun Apr 6 01:58:19 UTC 2014
6-annotating-transcript-families blast Sun Apr 6 01:58:24 UTC 2014
6-annotating-transcript-families homolortho Sun Apr 6 02:05:28 UTC 2014
6-annotating-transcript-families DONE Sun Apr 6 02:05:43 UTC 2014
7-expression-analysis START Sun Apr 6 02:05:43 UTC 2014
7-expression-analysis install Sun Apr 6 02:05:43 UTC 2014
7-expression-analysis makeref Sun Apr 6 02:07:38 UTC 2014
7-expression-analysis rsem Sun Apr 6 02:07:41 UTC 2014
7-expression-analysis DONE Sun Apr 6 02:18:57 UTC 2014
8-differential-expression START Sun Apr 6 02:18:57 UTC 2014
8-differential-expression ebseq Sun Apr 6 02:18:57 UTC 2014
8-differential-expression annotate Sun Apr 6 02:18:58 UTC 2014
8-differential-expression DONE Sun Apr 6 02:19:02 UTC 2014
