1-quality INSTALL Tue Apr 8 14:36:38 UTC 2014
1-quality TRIM Tue Apr 8 14:38:04 UTC 2014
1-quality FILTER Tue Apr 8 14:41:10 UTC 2014
1-quality EXTRACT Tue Apr 8 14:43:43 UTC 2014
1-quality DONE Tue Apr 8 14:45:19 UTC 2014
2-diginorm normalize1-pe Tue Apr 8 14:46:13 UTC 2014
2-diginorm normalize1-se Tue Apr 8 14:52:49 UTC 2014
2-diginorm filter-abund Tue Apr 8 14:58:39 UTC 2014
2-diginorm extract Tue Apr 8 15:00:13 UTC 2014
2-diginorm DONE Tue Apr 8 15:00:16 UTC 2014
3-big-assembly compileTrinity Tue Apr 8 15:00:17 UTC 2014
3-big-assembly installBowtie Tue Apr 8 15:03:58 UTC 2014
3-big-assembly installSamtools Tue Apr 8 15:04:00 UTC 2014
3-big-assembly extractReads Tue Apr 8 15:04:34 UTC 2014
3-big-assembly assemble Tue Apr 8 15:04:36 UTC 2014
3-big-assembly DONE Tue Apr 8 15:05:48 UTC 2014
5-building-transcript-families install Tue Apr 8 15:05:48 UTC 2014
5-building-transcript-families partition Tue Apr 8 15:05:49 UTC 2014
5-building-transcript-families rename Tue Apr 8 15:05:51 UTC 2014
5-building-transcript-families DONE Tue Apr 8 15:05:51 UTC 2014
6-annotating-transcript-families START Tue Apr 8 15:05:51 UTC 2014
6-annotating-transcript-families start Tue Apr 8 15:05:51 UTC 2014
6-annotating-transcript-families blast Tue Apr 8 15:05:56 UTC 2014
6-annotating-transcript-families homolortho Tue Apr 8 15:11:53 UTC 2014
6-annotating-transcript-families DONE Tue Apr 8 15:12:08 UTC 2014
7-expression-analysis START Tue Apr 8 15:12:08 UTC 2014
7-expression-analysis install Tue Apr 8 15:12:08 UTC 2014
7-expression-analysis makeref Tue Apr 8 15:13:59 UTC 2014
7-expression-analysis rsem Tue Apr 8 15:14:00 UTC 2014
7-expression-analysis DONE Tue Apr 8 15:23:02 UTC 2014
8-differential-expression START Tue Apr 8 15:23:02 UTC 2014
8-differential-expression ebseq Tue Apr 8 15:23:02 UTC 2014
8-differential-expression annotate Tue Apr 8 15:23:03 UTC 2014
8-differential-expression DONE Tue Apr 8 15:23:07 UTC 2014
