1-quality INSTALL Fri Apr 11 16:41:55 UTC 2014
1-quality TRIM Fri Apr 11 16:42:13 UTC 2014
1-quality FILTER Fri Apr 11 16:44:04 UTC 2014
1-quality EXTRACT Fri Apr 11 16:45:39 UTC 2014
1-quality DONE Fri Apr 11 16:46:36 UTC 2014
2-diginorm normalize1-pe Fri Apr 11 16:47:09 UTC 2014
2-diginorm normalize1-se Fri Apr 11 16:51:29 UTC 2014
2-diginorm filter-abund Fri Apr 11 16:55:12 UTC 2014
2-diginorm extract Fri Apr 11 16:55:58 UTC 2014
2-diginorm DONE Fri Apr 11 16:56:00 UTC 2014
3-big-assembly compileTrinity Fri Apr 11 16:56:01 UTC 2014
3-big-assembly installBowtie Fri Apr 11 17:00:39 UTC 2014
3-big-assembly installSamtools Fri Apr 11 17:01:22 UTC 2014
3-big-assembly extractReads Fri Apr 11 17:01:44 UTC 2014
3-big-assembly assemble Fri Apr 11 17:01:46 UTC 2014
3-big-assembly DONE Fri Apr 11 17:02:39 UTC 2014
5-building-transcript-families install Fri Apr 11 17:02:39 UTC 2014
5-building-transcript-families partition Fri Apr 11 17:02:40 UTC 2014
5-building-transcript-families rename Fri Apr 11 17:02:41 UTC 2014
5-building-transcript-families DONE Fri Apr 11 17:02:41 UTC 2014
6-annotating-transcript-families START Fri Apr 11 17:02:41 UTC 2014
6-annotating-transcript-families start Fri Apr 11 17:02:41 UTC 2014
6-annotating-transcript-families blast Fri Apr 11 17:02:48 UTC 2014
6-annotating-transcript-families homolortho Fri Apr 11 17:06:51 UTC 2014
6-annotating-transcript-families DONE Fri Apr 11 17:07:01 UTC 2014
7-expression-analysis START Fri Apr 11 17:07:01 UTC 2014
7-expression-analysis install Fri Apr 11 17:07:01 UTC 2014
7-expression-analysis makeref Fri Apr 11 17:08:21 UTC 2014
7-expression-analysis rsem Fri Apr 11 17:08:22 UTC 2014
7-expression-analysis DONE Fri Apr 11 17:14:43 UTC 2014
8-differential-expression START Fri Apr 11 17:14:43 UTC 2014
8-differential-expression ebseq Fri Apr 11 17:14:43 UTC 2014
8-differential-expression annotate Fri Apr 11 17:14:43 UTC 2014
8-differential-expression DONE Fri Apr 11 17:14:45 UTC 2014
